<?xml version="1.0" encoding="UTF-8"?>
<!-- Generated by org.testng.reporters.JUnitReportReporter -->
<testsuite hostname="VJH" failures="0" tests="1" name="test_Ng.Sample" time="137.904" errors="0" timestamp="2023-01-02T18:51:07 IST" skipped="0">
  <testcase classname="test_Ng.Sample" name="timeEntry_approve_perbill" time="137.904"/>
  <system-out/>
</testsuite> <!-- test_Ng.Sample -->
