<?xml version="1.0" encoding="UTF-8"?>
<!-- Generated by org.testng.reporters.JUnitReportReporter -->
<testsuite hostname="VJH" failures="0" tests="1" name="ttb_AllPage.Integrations" time="40.600" errors="0" timestamp="2022-11-24T13:12:16 IST" skipped="0">
  <testcase classname="ttb_AllPage.Integrations" name="IntegrationsPage" time="40.600"/>
  <system-out/>
</testsuite> <!-- ttb_AllPage.Integrations -->
