<?xml version="1.0" encoding="UTF-8"?>
<!-- Generated by org.testng.reporters.JUnitReportReporter -->
<testsuite hostname="VJH" failures="0" tests="1" name="test_Ng.Sample_manageMyEntries_SEARCH" time="51.875" errors="0" timestamp="2023-01-10T20:00:27 IST" skipped="0">
  <testcase classname="test_Ng.Sample_manageMyEntries_SEARCH" name="timeEntry_approve_perbill" time="51.875"/>
  <system-out/>
</testsuite> <!-- test_Ng.Sample_manageMyEntries_SEARCH -->
