<?xml version="1.0" encoding="UTF-8"?>
<!-- Generated by org.testng.reporters.JUnitReportReporter -->
<testsuite hostname="VJH" failures="0" tests="1" name="test_Ng.Sample1" time="42.198" errors="0" timestamp="2022-12-30T19:07:36 IST" skipped="0">
  <testcase classname="test_Ng.Sample1" name="timeEntry_approve_perbill" time="42.198"/>
  <system-out/>
</testsuite> <!-- test_Ng.Sample1 -->
