<?xml version="1.0" encoding="UTF-8"?>
<!-- Generated by org.testng.reporters.JUnitReportReporter -->
<testsuite hostname="VJH" failures="0" tests="26" name="ttb_AllPage.AallPagesLoading" time="82.757" errors="0" timestamp="2022-11-24T14:12:53 IST" skipped="0">
  <testcase classname="ttb_AllPage.AallPagesLoading" name="OnTheClock" time="3.725"/>
  <system-out/>
  <testcase classname="ttb_AllPage.AallPagesLoading" name="Reports" time="3.176"/>
  <system-out/>
  <testcase classname="ttb_AllPage.AallPagesLoading" name="Contacts" time="11.095"/>
  <system-out/>
  <testcase classname="ttb_AllPage.AallPagesLoading" name="WeeklyTimeSheets" time="4.652"/>
  <system-out/>
  <testcase classname="ttb_AllPage.AallPagesLoading" name="MangeMyEntries" time="2.332"/>
  <system-out/>
  <testcase classname="ttb_AllPage.AallPagesLoading" name="ManageTeamEntries" time="3.015"/>
  <system-out/>
  <testcase classname="ttb_AllPage.AallPagesLoading" name="RecurringExpenses" time="6.441"/>
  <system-out/>
  <testcase classname="ttb_AllPage.AallPagesLoading" name="TimeOff" time="3.433"/>
  <system-out/>
  <testcase classname="ttb_AllPage.AallPagesLoading" name="Approvals" time="2.304"/>
  <system-out/>
  <testcase classname="ttb_AllPage.AallPagesLoading" name="LockTimePeriod" time="1.873"/>
  <system-out/>
  <testcase classname="ttb_AllPage.AallPagesLoading" name="Notes" time="3.194"/>
  <system-out/>
  <testcase classname="ttb_AllPage.AallPagesLoading" name="Projects" time="4.157"/>
  <system-out/>
  <testcase classname="ttb_AllPage.AallPagesLoading" name="Clients" time="2.448"/>
  <system-out/>
  <testcase classname="ttb_AllPage.AallPagesLoading" name="History" time="1.343"/>
  <system-out/>
  <testcase classname="ttb_AllPage.AallPagesLoading" name="Invoices" time="1.469"/>
  <system-out/>
  <testcase classname="ttb_AllPage.AallPagesLoading" name="ClientPayments" time="1.418"/>
  <system-out/>
  <testcase classname="ttb_AllPage.AallPagesLoading" name="Adjustments" time="1.441"/>
  <system-out/>
  <testcase classname="ttb_AllPage.AallPagesLoading" name="Statements" time="1.355"/>
  <system-out/>
  <testcase classname="ttb_AllPage.AallPagesLoading" name="Schedule" time="2.684"/>
  <system-out/>
  <testcase classname="ttb_AllPage.AallPagesLoading" name="Settings" time="1.379"/>
  <system-out/>
  <testcase classname="ttb_AllPage.AallPagesLoading" name="ManageUses" time="2.918"/>
  <system-out/>
  <testcase classname="ttb_AllPage.AallPagesLoading" name="ScreenAnnouncmentsQuestions" time="3.567"/>
  <system-out/>
  <testcase classname="ttb_AllPage.AallPagesLoading" name="UserAcheivements" time="2.142"/>
  <system-out/>
  <testcase classname="ttb_AllPage.AallPagesLoading" name="Clientportal" time="1.726"/>
  <system-out/>
  <testcase classname="ttb_AllPage.AallPagesLoading" name="FlatFiles" time="1.855"/>
  <system-out/>
  <testcase classname="ttb_AllPage.AallPagesLoading" name="MoreMenuPage" time="7.615"/>
  <system-out/>
</testsuite> <!-- ttb_AllPage.AallPagesLoading -->
