<?xml version="1.0" encoding="UTF-8"?>
<!-- Generated by org.testng.reporters.JUnitReportReporter -->
<testsuite hostname="VJH" failures="0" tests="1" name="test_Ng.ToGetServer" time="288.315" errors="0" timestamp="2023-03-07T21:20:58 IST" skipped="0">
  <testcase classname="test_Ng.ToGetServer" name="serverNumber" time="288.315"/>
  <system-out/>
</testsuite> <!-- test_Ng.ToGetServer -->
