<?xml version="1.0" encoding="UTF-8"?>
<!-- Generated by org.testng.reporters.JUnitReportReporter -->
<testsuite hostname="VJH" failures="0" tests="1" name="test_Ng.Sample_WeeklyTS_nonbill_onlyTE_noCliActi_noCF" time="40.571" errors="0" timestamp="2023-01-03T20:52:23 IST" skipped="0">
  <testcase classname="test_Ng.Sample_WeeklyTS_nonbill_onlyTE_noCliActi_noCF" name="WeeklyTimeSheetsPage" time="40.571"/>
  <system-out/>
</testsuite> <!-- test_Ng.Sample_WeeklyTS_nonbill_onlyTE_noCliActi_noCF -->
