<?xml version="1.0" encoding="UTF-8"?>
<!-- Generated by org.testng.reporters.JUnitReportReporter -->
<testsuite hostname="VJH" failures="0" tests="15" name="z_successfulFunctions.TTB_AallPagesLoading" time="56.267" errors="0" timestamp="2022-12-29T19:10:11 IST" skipped="0">
  <testcase classname="z_successfulFunctions.TTB_AallPagesLoading" name="OnTheClock" time="4.867"/>
  <system-out/>
  <testcase classname="z_successfulFunctions.TTB_AallPagesLoading" name="Reports" time="5.408"/>
  <system-out/>
  <testcase classname="z_successfulFunctions.TTB_AallPagesLoading" name="Contacts" time="7.355"/>
  <system-out/>
  <testcase classname="z_successfulFunctions.TTB_AallPagesLoading" name="WeeklyTimeSheets" time="4.766"/>
  <system-out/>
  <testcase classname="z_successfulFunctions.TTB_AallPagesLoading" name="MangeMyEntries" time="3.586"/>
  <system-out/>
  <testcase classname="z_successfulFunctions.TTB_AallPagesLoading" name="ManageTeamEntries" time="2.211"/>
  <system-out/>
  <testcase classname="z_successfulFunctions.TTB_AallPagesLoading" name="RecurringExpenses" time="4.048"/>
  <system-out/>
  <testcase classname="z_successfulFunctions.TTB_AallPagesLoading" name="TimeOff" time="3.623"/>
  <system-out/>
  <testcase classname="z_successfulFunctions.TTB_AallPagesLoading" name="Approvals" time="2.827"/>
  <system-out/>
  <testcase classname="z_successfulFunctions.TTB_AallPagesLoading" name="LockTimePeriod" time="2.481"/>
  <system-out/>
  <testcase classname="z_successfulFunctions.TTB_AallPagesLoading" name="Notes" time="3.313"/>
  <system-out/>
  <testcase classname="z_successfulFunctions.TTB_AallPagesLoading" name="Projects" time="5.228"/>
  <system-out/>
  <testcase classname="z_successfulFunctions.TTB_AallPagesLoading" name="Clients" time="2.890"/>
  <system-out/>
  <testcase classname="z_successfulFunctions.TTB_AallPagesLoading" name="Schedule" time="3.497"/>
  <system-out/>
  <testcase classname="z_successfulFunctions.TTB_AallPagesLoading" name="servernumber" time="0.167"/>
  <system-out/>
</testsuite> <!-- z_successfulFunctions.TTB_AallPagesLoading -->
