<?xml version="1.0" encoding="UTF-8"?>
<!-- Generated by org.testng.reporters.JUnitReportReporter -->
<testsuite hostname="VJH" failures="0" tests="2" name="z_successfulFunctions.TTB_AddClientOrganization" time="19.661" errors="0" timestamp="2023-03-24T18:18:06 IST" skipped="0">
  <testcase classname="z_successfulFunctions.TTB_AddClientOrganization" name="AddCustomerPerson" time="10.260"/>
  <system-out/>
  <testcase classname="z_successfulFunctions.TTB_AddClientOrganization" name="AddCustomerPerson" time="9.401"/>
  <system-out/>
</testsuite> <!-- z_successfulFunctions.TTB_AddClientOrganization -->
