<?xml version="1.0" encoding="UTF-8"?>
<!-- Generated by org.testng.reporters.JUnitReportReporter -->
<testsuite hostname="VJH" failures="0" tests="1" name="test_Ng.Dummy_addclient" time="9.683" errors="0" timestamp="2023-03-24T18:34:54 IST" skipped="0">
  <testcase classname="test_Ng.Dummy_addclient" name="AddCustomerPerson" time="9.683"/>
  <system-out/>
</testsuite> <!-- test_Ng.Dummy_addclient -->
