<?xml version="1.0" encoding="UTF-8"?>
<!-- Generated by org.testng.reporters.JUnitReportReporter -->
<testsuite hostname="VJH" failures="0" tests="5" name="z_successfulFunctions.TTB_AddProjectWithDescription" time="30.830" errors="0" timestamp="2023-03-09T19:48:39 IST" skipped="0">
  <testcase classname="z_successfulFunctions.TTB_AddProjectWithDescription" name="sampleForAddProject" time="5.918"/>
  <system-out/>
  <testcase classname="z_successfulFunctions.TTB_AddProjectWithDescription" name="sampleForAddProject" time="6.215"/>
  <system-out/>
  <testcase classname="z_successfulFunctions.TTB_AddProjectWithDescription" name="sampleForAddProject" time="7.592"/>
  <system-out/>
  <testcase classname="z_successfulFunctions.TTB_AddProjectWithDescription" name="sampleForAddProject" time="5.954"/>
  <system-out/>
  <testcase classname="z_successfulFunctions.TTB_AddProjectWithDescription" name="sampleForAddProject" time="5.151"/>
  <system-out/>
</testsuite> <!-- z_successfulFunctions.TTB_AddProjectWithDescription -->
