<?xml version="1.0" encoding="UTF-8"?>
<!-- Generated by org.testng.reporters.JUnitReportReporter -->
<testsuite hostname="VJH" failures="0" tests="1" name="test_Ng.Calander_phptravels" time="10.472" errors="0" timestamp="2022-12-15T20:39:05 IST" skipped="0">
  <testcase classname="test_Ng.Calander_phptravels" name="calandrePhp" time="10.472"/>
  <system-out/>
</testsuite> <!-- test_Ng.Calander_phptravels -->
