<?xml version="1.0" encoding="UTF-8"?>
<!-- Generated by org.testng.reporters.JUnitReportReporter -->
<testsuite hostname="VJH" failures="0" tests="1" name="test_Ng.Get_server_sample2" time="40.828" errors="0" timestamp="2023-05-04T16:15:35 IST" skipped="0">
  <testcase classname="test_Ng.Get_server_sample2" name="serverNumber" time="40.828"/>
  <system-out/>
</testsuite> <!-- test_Ng.Get_server_sample2 -->
