<?xml version="1.0" encoding="UTF-8"?>
<!-- Generated by org.testng.reporters.JUnitReportReporter -->
<testsuite hostname="VJH" failures="0" tests="1" name="test_Ng.Sample_WeeklyTS_nonbill_onlyCli_TE" time="61.108" errors="0" timestamp="2023-01-03T20:35:15 IST" skipped="0">
  <testcase classname="test_Ng.Sample_WeeklyTS_nonbill_onlyCli_TE" name="WeeklyTimeSheetsPage" time="61.108"/>
  <system-out/>
</testsuite> <!-- test_Ng.Sample_WeeklyTS_nonbill_onlyCli_TE -->
