<?xml version="1.0" encoding="UTF-8"?>
<!-- Generated by org.testng.reporters.JUnitReportReporter -->
<testsuite hostname="VJH" failures="0" tests="1" name="z_successfulFunctions.TTB_AddProject_ProjectID_Description" time="32.403" errors="0" timestamp="2022-12-12T17:10:13 IST" skipped="0">
  <testcase classname="z_successfulFunctions.TTB_AddProject_ProjectID_Description" name="AddProject_projectID" time="32.403"/>
  <system-out/>
</testsuite> <!-- z_successfulFunctions.TTB_AddProject_ProjectID_Description -->
