<?xml version="1.0" encoding="UTF-8"?>
<!-- Generated by org.testng.reporters.JUnitReportReporter -->
<testsuite hostname="VJH" failures="0" tests="1" name="test_Ng.TimeEntryBill" time="34.875" errors="0" timestamp="2022-11-21T18:31:38 IST" skipped="0">
  <testcase classname="test_Ng.TimeEntryBill" name="loginLogoutActivity" time="34.875"/>
  <system-out/>
</testsuite> <!-- test_Ng.TimeEntryBill -->
