<?xml version="1.0" encoding="UTF-8"?>
<!-- Generated by org.testng.reporters.JUnitReportReporter -->
<testsuite hostname="VJH" failures="0" tests="1" name="ttb_AllPage.ScreenAnnouncmentsQuestions" time="43.218" errors="0" timestamp="2022-11-22T13:12:32 IST" skipped="0">
  <testcase classname="ttb_AllPage.ScreenAnnouncmentsQuestions" name="ScreenAnnouncmentsQuestionsPage" time="43.218"/>
  <system-out/>
</testsuite> <!-- ttb_AllPage.ScreenAnnouncmentsQuestions -->
