<?xml version="1.0" encoding="UTF-8"?>
<!-- Generated by org.testng.reporters.JUnitReportReporter -->
<testsuite hostname="VJH" failures="0" tests="1" name="ttb_AllPage.ManageTeamEntries" time="46.237" errors="0" timestamp="2022-11-22T13:50:34 IST" skipped="0">
  <testcase classname="ttb_AllPage.ManageTeamEntries" name="ManageTeamEntriesPage" time="46.237"/>
  <system-out/>
</testsuite> <!-- ttb_AllPage.ManageTeamEntries -->
