<?xml version="1.0" encoding="UTF-8"?>
<!-- Generated by org.testng.reporters.JUnitReportReporter -->
<testsuite hostname="VJH" failures="0" tests="1" name="ttb_AllPage.Reports" time="31.827" errors="0" timestamp="2022-11-23T20:32:53 IST" skipped="0">
  <testcase classname="ttb_AllPage.Reports" name="ReportsPage" time="31.827"/>
  <system-out/>
</testsuite> <!-- ttb_AllPage.Reports -->
