<?xml version="1.0" encoding="UTF-8"?>
<!-- Generated by org.testng.reporters.JUnitReportReporter -->
<testsuite hostname="VJH" failures="0" tests="1" name="test_Ng.CalanderScript_TTB" time="65.217" errors="0" timestamp="2022-12-29T15:55:17 IST" skipped="0">
  <testcase classname="test_Ng.CalanderScript_TTB" name="timeEntry_approve_perbill" time="65.217"/>
  <system-out/>
</testsuite> <!-- test_Ng.CalanderScript_TTB -->
