<?xml version="1.0" encoding="UTF-8"?>
<!-- Generated by org.testng.reporters.JUnitReportReporter -->
<testsuite hostname="VJH" failures="0" tests="1" name="z_successfulFunctions.TTB_WeeklyTS_ApproveAll_button" time="38.489" errors="0" timestamp="2023-01-04T20:18:20 IST" skipped="0">
  <testcase classname="z_successfulFunctions.TTB_WeeklyTS_ApproveAll_button" name="WeeklyTimeSheetsPage" time="38.489"/>
  <system-out/>
</testsuite> <!-- z_successfulFunctions.TTB_WeeklyTS_ApproveAll_button -->
