<?xml version="1.0" encoding="UTF-8"?>
<!-- Generated by org.testng.reporters.JUnitReportReporter -->
<testsuite hostname="VJH" failures="0" tests="1" name="test_Ng.HomeOnTheClockAlertHandle" time="46.543" errors="0" timestamp="2022-11-22T18:28:28 IST" skipped="0">
  <testcase classname="test_Ng.HomeOnTheClockAlertHandle" name="login_logout_break" time="46.543"/>
  <system-out/>
</testsuite> <!-- test_Ng.HomeOnTheClockAlertHandle -->
