<?xml version="1.0" encoding="UTF-8"?>
<!-- Generated by org.testng.reporters.JUnitReportReporter -->
<testsuite hostname="VJH" failures="0" tests="1" name="ttb_AllPage.Notes" time="30.250" errors="0" timestamp="2022-11-23T14:49:31 IST" skipped="0">
  <testcase classname="ttb_AllPage.Notes" name="NotesPage" time="30.250"/>
  <system-out/>
</testsuite> <!-- ttb_AllPage.Notes -->
