<?xml version="1.0" encoding="UTF-8"?>
<!-- Generated by org.testng.reporters.JUnitReportReporter -->
<testsuite hostname="VJH" failures="0" tests="5" name="z_successfulFunctions.TTB_Invoice_PreBill" time="108.300" errors="0" timestamp="2023-03-09T20:48:56 IST" skipped="0">
  <testcase classname="z_successfulFunctions.TTB_Invoice_PreBill" name="invoice" time="26.986"/>
  <system-out/>
  <testcase classname="z_successfulFunctions.TTB_Invoice_PreBill" name="invoice" time="22.900"/>
  <system-out/>
  <testcase classname="z_successfulFunctions.TTB_Invoice_PreBill" name="invoice" time="20.598"/>
  <system-out/>
  <testcase classname="z_successfulFunctions.TTB_Invoice_PreBill" name="invoice" time="20.755"/>
  <system-out/>
  <testcase classname="z_successfulFunctions.TTB_Invoice_PreBill" name="invoice" time="17.061"/>
  <system-out/>
</testsuite> <!-- z_successfulFunctions.TTB_Invoice_PreBill -->
