<?xml version="1.0" encoding="UTF-8"?>
<!-- Generated by org.testng.reporters.JUnitReportReporter -->
<testsuite hostname="VJH" failures="0" tests="1" name="z_successfulFunctions.TTB_timeEntry_defaultBillable" time="16.949" errors="0" timestamp="2022-12-29T20:23:45 IST" skipped="0">
  <testcase classname="z_successfulFunctions.TTB_timeEntry_defaultBillable" name="AddProject_projectID" time="16.949"/>
  <system-out/>
</testsuite> <!-- z_successfulFunctions.TTB_timeEntry_defaultBillable -->
