<?xml version="1.0" encoding="UTF-8"?>
<!-- Generated by org.testng.reporters.JUnitReportReporter -->
<testsuite hostname="VJH" failures="0" tests="1" name="test_Ng.Sample_WeeklyTimesheet_noCF" time="63.300" errors="0" timestamp="2023-01-04T18:09:28 IST" skipped="0">
  <testcase classname="test_Ng.Sample_WeeklyTimesheet_noCF" name="WeeklyTimeSheetsPage" time="63.300"/>
  <system-out/>
</testsuite> <!-- test_Ng.Sample_WeeklyTimesheet_noCF -->
