<?xml version="1.0" encoding="UTF-8"?>
<!-- Generated by org.testng.reporters.JUnitReportReporter -->
<testsuite hostname="VJH" failures="0" tests="2" name="basicTTLogin_Logout.Login_AddClientPerson" time="26.682" errors="0" timestamp="2022-11-24T19:25:06 IST" skipped="0">
  <testcase classname="basicTTLogin_Logout.Login_AddClientPerson" name="AddCustomerPerson" time="15.894"/>
  <system-out/>
  <testcase classname="basicTTLogin_Logout.Login_AddClientPerson" name="AddCustomerPerson" time="10.788"/>
  <system-out/>
</testsuite> <!-- basicTTLogin_Logout.Login_AddClientPerson -->
