<?xml version="1.0" encoding="UTF-8"?>
<!-- Generated by org.testng.reporters.JUnitReportReporter -->
<testsuite hostname="VJH" failures="0" tests="1" name="basicTTLogin_Logout.Demo_weekly_dec_poi" time="36.912" errors="0" timestamp="2023-03-20T18:30:05 IST" skipped="0">
  <testcase classname="basicTTLogin_Logout.Demo_weekly_dec_poi" name="WeeklyTimeSheetsPage" time="36.912"/>
  <system-out/>
</testsuite> <!-- basicTTLogin_Logout.Demo_weekly_dec_poi -->
