<?xml version="1.0" encoding="UTF-8"?>
<!-- Generated by org.testng.reporters.JUnitReportReporter -->
<testsuite hostname="VJH" failures="0" tests="1" name="test_Ng.SampleLoginLogoutWithoutBill" time="102.749" errors="0" timestamp="2022-11-21T13:45:29 IST" skipped="0">
  <testcase classname="test_Ng.SampleLoginLogoutWithoutBill" name="login_logout" time="102.749"/>
  <system-out/>
</testsuite> <!-- test_Ng.SampleLoginLogoutWithoutBill -->
