<?xml version="1.0" encoding="UTF-8"?>
<!-- Generated by org.testng.reporters.JUnitReportReporter -->
<testsuite hostname="VJH" failures="0" tests="1" name="ttb_AllPage.OnTheClock" time="28.150" errors="0" timestamp="2022-11-23T15:50:43 IST" skipped="0">
  <testcase classname="ttb_AllPage.OnTheClock" name="OnTheClockPage" time="28.150"/>
  <system-out/>
</testsuite> <!-- ttb_AllPage.OnTheClock -->
