<?xml version="1.0" encoding="UTF-8"?>
<!-- Generated by org.testng.reporters.JUnitReportReporter -->
<testsuite hostname="VJH" failures="0" tests="1" name="test_Ng.TimeEntryWithBreak" time="171.684" errors="0" timestamp="2022-11-21T19:04:54 IST" skipped="0">
  <testcase classname="test_Ng.TimeEntryWithBreak" name="login_logout_break" time="171.684"/>
  <system-out/>
</testsuite> <!-- test_Ng.TimeEntryWithBreak -->
