<?xml version="1.0" encoding="UTF-8"?>
<!-- Generated by org.testng.reporters.JUnitReportReporter -->
<testsuite hostname="VJH" failures="0" tests="1" name="test_Ng.Sample_WeeklyTS_TimeEntry_with_Description" time="73.114" errors="0" timestamp="2023-01-05T16:21:18 IST" skipped="0">
  <testcase classname="test_Ng.Sample_WeeklyTS_TimeEntry_with_Description" name="WeeklyTimeSheetsPage" time="73.114"/>
  <system-out/>
</testsuite> <!-- test_Ng.Sample_WeeklyTS_TimeEntry_with_Description -->
