<?xml version="1.0" encoding="UTF-8"?>
<!-- Generated by org.testng.reporters.JUnitReportReporter -->
<testsuite hostname="VJH" failures="0" tests="1" name="ttb_AllPage.MoreMenu" time="40.490" errors="0" timestamp="2022-11-24T13:46:36 IST" skipped="0">
  <testcase classname="ttb_AllPage.MoreMenu" name="IntegrationsPage" time="40.490"/>
  <system-out/>
</testsuite> <!-- ttb_AllPage.MoreMenu -->
