<?xml version="1.0" encoding="UTF-8"?>
<!-- Generated by org.testng.reporters.JUnitReportReporter -->
<testsuite hostname="VJH" failures="0" tests="1" name="test_Ng.SampleScriptForJavaScreenShot" time="8.999" errors="0" timestamp="2022-11-23T15:38:49 IST" skipped="0">
  <testcase classname="test_Ng.SampleScriptForJavaScreenShot" name="googleScreenShot" time="8.999"/>
  <system-out/>
</testsuite> <!-- test_Ng.SampleScriptForJavaScreenShot -->
