<?xml version="1.0" encoding="UTF-8"?>
<!-- Generated by org.testng.reporters.JUnitReportReporter -->
<testsuite hostname="VJH" failures="0" tests="1" name="test_Ng.Sample_Table" time="55.941" errors="0" timestamp="2023-04-07T14:58:15 IST" skipped="0">
  <testcase classname="test_Ng.Sample_Table" name="beforeSuite" time="55.941"/>
  <system-out/>
</testsuite> <!-- test_Ng.Sample_Table -->
