<?xml version="1.0" encoding="UTF-8"?>
<!-- Generated by org.testng.reporters.JUnitReportReporter -->
<testsuite hostname="VJH" failures="0" tests="1" name="ttb_AllPage.MangeMyEntries" time="39.309" errors="0" timestamp="2022-11-22T13:50:33 IST" skipped="0">
  <testcase classname="ttb_AllPage.MangeMyEntries" name="MangeMyEntriesPage" time="39.309"/>
  <system-out/>
</testsuite> <!-- ttb_AllPage.MangeMyEntries -->
