<?xml version="1.0" encoding="UTF-8"?>
<!-- Generated by org.testng.reporters.JUnitReportReporter -->
<testsuite hostname="VJH" failures="0" tests="1" name="ttb_AllPage.RecurringExpenses" time="46.502" errors="0" timestamp="2022-11-22T13:50:34 IST" skipped="0">
  <testcase classname="ttb_AllPage.RecurringExpenses" name="RecurringExpensesPage" time="46.502"/>
  <system-out/>
</testsuite> <!-- ttb_AllPage.RecurringExpenses -->
