<?xml version="1.0" encoding="UTF-8"?>
<!-- Generated by org.testng.reporters.JUnitReportReporter -->
<testsuite hostname="VJH" failures="0" tests="1" name="basicTTLogin_Logout.Chatgpt" time="11.397" errors="0" timestamp="2023-03-24T15:25:07 IST" skipped="0">
  <testcase classname="basicTTLogin_Logout.Chatgpt" name="STE" time="11.397"/>
  <system-out/>
</testsuite> <!-- basicTTLogin_Logout.Chatgpt -->
