<?xml version="1.0" encoding="UTF-8"?>
<!-- Generated by org.testng.reporters.JUnitReportReporter -->
<testsuite hostname="VJH" failures="0" tests="1" name="test_Ng.SampleScripts" time="81.314" errors="0" timestamp="2022-12-14T15:03:21 IST" skipped="0">
  <testcase classname="test_Ng.SampleScripts" name="myEntriesTable" time="81.314"/>
  <system-out/>
</testsuite> <!-- test_Ng.SampleScripts -->
