<?xml version="1.0" encoding="UTF-8"?>
<!-- Generated by org.testng.reporters.JUnitReportReporter -->
<testsuite hostname="VJH" failures="0" tests="1" name="test_Ng.SamplemanualTimeEntry" time="131.488" errors="0" timestamp="2022-12-13T20:50:08 IST" skipped="0">
  <testcase classname="test_Ng.SamplemanualTimeEntry" name="timeEntry_approve_perbill" time="131.488"/>
  <system-out/>
</testsuite> <!-- test_Ng.SamplemanualTimeEntry -->
