<?xml version="1.0" encoding="UTF-8"?>
<!-- Generated by org.testng.reporters.JUnitReportReporter -->
<testsuite hostname="VJH" failures="0" tests="1" name="test_Ng.Sample1" time="10.152" errors="0" timestamp="2023-03-21T16:02:44 IST" skipped="0">
  <testcase classname="test_Ng.Sample1" name="STE" time="10.152"/>
  <system-out/>
</testsuite> <!-- test_Ng.Sample1 -->
