<?xml version="1.0" encoding="UTF-8"?>
<!-- Generated by org.testng.reporters.JUnitReportReporter -->
<testsuite hostname="VJH" failures="0" tests="1" name="test_Ng.SampleScriptForSideBarButton" time="14.547" errors="0" timestamp="2022-11-23T13:01:44 IST" skipped="0">
  <testcase classname="test_Ng.SampleScriptForSideBarButton" name="sample" time="14.547"/>
  <system-out/>
</testsuite> <!-- test_Ng.SampleScriptForSideBarButton -->
