<?xml version="1.0" encoding="UTF-8"?>
<!-- Generated by org.testng.reporters.JUnitReportReporter -->
<testsuite hostname="VJH" failures="0" tests="1" name="z_successfulFunctions.TTB_Delete_WeeklyTS_Row" time="50.828" errors="0" timestamp="2023-01-04T19:59:07 IST" skipped="0">
  <testcase classname="z_successfulFunctions.TTB_Delete_WeeklyTS_Row" name="WeeklyTimeSheetsPage" time="50.828"/>
  <system-out/>
</testsuite> <!-- z_successfulFunctions.TTB_Delete_WeeklyTS_Row -->
