<?xml version="1.0" encoding="UTF-8"?>
<!-- Generated by org.testng.reporters.JUnitReportReporter -->
<testsuite hostname="VJH" failures="0" tests="1" name="test_Ng.CalanderHandlingScript_MTE_TTB" time="77.748" errors="0" timestamp="2023-03-16T16:47:31 IST" skipped="0">
  <testcase classname="test_Ng.CalanderHandlingScript_MTE_TTB" name="timeEntry_approve_perbill" time="77.748"/>
  <system-out/>
</testsuite> <!-- test_Ng.CalanderHandlingScript_MTE_TTB -->
