<?xml version="1.0" encoding="UTF-8"?>
<!-- Generated by org.testng.reporters.JUnitReportReporter -->
<testsuite hostname="VJH" failures="0" tests="1" name="test_Ng.ToGetServer" time="47.512" errors="0" timestamp="2023-05-16T15:31:26 IST" skipped="0">
  <testcase classname="test_Ng.ToGetServer" name="serverNumber" time="47.512"/>
  <system-out/>
</testsuite> <!-- test_Ng.ToGetServer -->
