<?xml version="1.0" encoding="UTF-8"?>
<!-- Generated by org.testng.reporters.JUnitReportReporter -->
<testsuite hostname="VJH" failures="0" tests="1" name="basicTTLogin_Logout.Demo_STE" time="10.854" errors="0" timestamp="2023-03-13T18:37:15 IST" skipped="0">
  <testcase classname="basicTTLogin_Logout.Demo_STE" name="STE" time="10.854"/>
  <system-out/>
</testsuite> <!-- basicTTLogin_Logout.Demo_STE -->
