<?xml version="1.0" encoding="UTF-8"?>
<!-- Generated by org.testng.reporters.JUnitReportReporter -->
<testsuite hostname="VJH" failures="0" tests="4" name="dataDriven.SampleDataDrivenLogin" time="109.376" errors="0" timestamp="2023-01-13T18:44:37 IST" skipped="0">
  <testcase classname="dataDriven.SampleDataDrivenLogin" name="Loginpage" time="13.789"/>
  <system-out/>
  <testcase classname="dataDriven.SampleDataDrivenLogin" name="Loginpage" time="66.884"/>
  <system-out/>
  <testcase classname="dataDriven.SampleDataDrivenLogin" name="Loginpage" time="13.155"/>
  <system-out/>
  <testcase classname="dataDriven.SampleDataDrivenLogin" name="Loginpage" time="15.548"/>
  <system-out/>
</testsuite> <!-- dataDriven.SampleDataDrivenLogin -->
