<?xml version="1.0" encoding="UTF-8"?>
<!-- Generated by org.testng.reporters.JUnitReportReporter -->
<testsuite hostname="VJH" failures="0" tests="4" name="dataDriven.POM_login" time="60.022" errors="0" timestamp="2023-01-17T17:44:54 IST" skipped="0">
  <testcase classname="dataDriven.POM_login" name="login" time="20.005"/>
  <system-out/>
  <testcase classname="dataDriven.POM_login" name="login" time="17.222"/>
  <system-out/>
  <testcase classname="dataDriven.POM_login" name="login" time="11.833"/>
  <system-out/>
  <testcase classname="dataDriven.POM_login" name="login" time="10.962"/>
  <system-out/>
</testsuite> <!-- dataDriven.POM_login -->
