<?xml version="1.0" encoding="UTF-8"?>
<!-- Generated by org.testng.reporters.JUnitReportReporter -->
<testsuite hostname="VJH" failures="0" tests="1" name="basicTTLogin_Logout.Chatgpt" time="19.428" errors="0" timestamp="2023-02-20T20:22:59 IST" skipped="0">
  <testcase classname="basicTTLogin_Logout.Chatgpt" name="practice" time="19.428"/>
  <system-out/>
</testsuite> <!-- basicTTLogin_Logout.Chatgpt -->
