<?xml version="1.0" encoding="UTF-8"?>
<!-- Generated by org.testng.reporters.JUnitReportReporter -->
<testsuite hostname="VJH" failures="0" tests="16" name="y_successfulFunctions.TT_AallPagesLoading" time="77.019" errors="0" timestamp="2022-12-01T12:08:37 IST" skipped="0">
  <testcase classname="y_successfulFunctions.TT_AallPagesLoading" name="OnTheClock" time="7.413"/>
  <system-out/>
  <testcase classname="y_successfulFunctions.TT_AallPagesLoading" name="Reports" time="5.378"/>
  <system-out/>
  <testcase classname="y_successfulFunctions.TT_AallPagesLoading" name="WeeklyTimeSheets" time="8.955"/>
  <system-out/>
  <testcase classname="y_successfulFunctions.TT_AallPagesLoading" name="MangeMyEntries" time="16.666"/>
  <system-out/>
  <testcase classname="y_successfulFunctions.TT_AallPagesLoading" name="ManageTeamEntries" time="3.438"/>
  <system-out/>
  <testcase classname="y_successfulFunctions.TT_AallPagesLoading" name="TimeOff" time="4.467"/>
  <system-out/>
  <testcase classname="y_successfulFunctions.TT_AallPagesLoading" name="Approvals" time="2.673"/>
  <system-out/>
  <testcase classname="y_successfulFunctions.TT_AallPagesLoading" name="LockTimePeriod" time="2.138"/>
  <system-out/>
  <testcase classname="y_successfulFunctions.TT_AallPagesLoading" name="Customers" time="3.167"/>
  <system-out/>
  <testcase classname="y_successfulFunctions.TT_AallPagesLoading" name="Schedule" time="2.930"/>
  <system-out/>
  <testcase classname="y_successfulFunctions.TT_AallPagesLoading" name="Settings" time="2.480"/>
  <system-out/>
  <testcase classname="y_successfulFunctions.TT_AallPagesLoading" name="ManageWorkers" time="3.229"/>
  <system-out/>
  <testcase classname="y_successfulFunctions.TT_AallPagesLoading" name="ScreenAnnouncmentsQuestions" time="3.124"/>
  <system-out/>
  <testcase classname="y_successfulFunctions.TT_AallPagesLoading" name="WorkerAcheivements" time="1.855"/>
  <system-out/>
  <testcase classname="y_successfulFunctions.TT_AallPagesLoading" name="FlatFiles" time="1.953"/>
  <system-out/>
  <testcase classname="y_successfulFunctions.TT_AallPagesLoading" name="MoreMenuPage" time="7.153"/>
  <system-out/>
</testsuite> <!-- y_successfulFunctions.TT_AallPagesLoading -->
