<?xml version="1.0" encoding="UTF-8"?>
<!-- Generated by org.testng.reporters.JUnitReportReporter -->
<testsuite hostname="VJH" failures="0" tests="5" name="z_successfulFunctions.TTB_MTE_Billable" time="160.958" errors="0" timestamp="2023-03-09T20:26:24 IST" skipped="0">
  <testcase classname="z_successfulFunctions.TTB_MTE_Billable" name="AddProject_projectID" time="29.851"/>
  <system-out/>
  <testcase classname="z_successfulFunctions.TTB_MTE_Billable" name="AddProject_projectID" time="36.277"/>
  <system-out/>
  <testcase classname="z_successfulFunctions.TTB_MTE_Billable" name="AddProject_projectID" time="29.294"/>
  <system-out/>
  <testcase classname="z_successfulFunctions.TTB_MTE_Billable" name="AddProject_projectID" time="36.211"/>
  <system-out/>
  <testcase classname="z_successfulFunctions.TTB_MTE_Billable" name="AddProject_projectID" time="29.325"/>
  <system-out/>
</testsuite> <!-- z_successfulFunctions.TTB_MTE_Billable -->
