<?xml version="1.0" encoding="UTF-8"?>
<!-- Generated by org.testng.reporters.JUnitReportReporter -->
<testsuite hostname="VJH" failures="0" tests="2" name="test_Ng.Sample_Addorganization" time="34.032" errors="0" timestamp="2022-11-24T20:18:42 IST" skipped="0">
  <testcase classname="test_Ng.Sample_Addorganization" name="AddCustomerPerson" time="14.107"/>
  <system-out/>
  <testcase classname="test_Ng.Sample_Addorganization" name="AddCustomerPerson" time="19.925"/>
  <system-out/>
</testsuite> <!-- test_Ng.Sample_Addorganization -->
