<?xml version="1.0" encoding="UTF-8"?>
<!-- Generated by org.testng.reporters.JUnitReportReporter -->
<testsuite hostname="VJH" failures="0" tests="1" name="test_Ng.TTB_CreateProject" time="49.001" errors="0" timestamp="2022-11-21T19:32:20 IST" skipped="0">
  <testcase classname="test_Ng.TTB_CreateProject" name="login_logout_break" time="49.001"/>
  <system-out/>
</testsuite> <!-- test_Ng.TTB_CreateProject -->
