<?xml version="1.0" encoding="UTF-8"?>
<!-- Generated by org.testng.reporters.JUnitReportReporter -->
<testsuite hostname="VJH" failures="0" tests="1" name="z_successfulFunctions.TTB_AddUserWorker" time="19.200" errors="0" timestamp="2022-11-28T20:16:06 IST" skipped="0">
  <testcase classname="z_successfulFunctions.TTB_AddUserWorker" name="AddUserWorker" time="19.200"/>
  <system-out/>
</testsuite> <!-- z_successfulFunctions.TTB_AddUserWorker -->
