<?xml version="1.0" encoding="UTF-8"?>
<!-- Generated by org.testng.reporters.JUnitReportReporter -->
<testsuite hostname="VJH" failures="0" tests="1" name="ttb_AllPage.Clientportal" time="36.459" errors="0" timestamp="2022-11-24T14:05:05 IST" skipped="0">
  <testcase classname="ttb_AllPage.Clientportal" name="ClientportalPage" time="36.459"/>
  <system-out/>
</testsuite> <!-- ttb_AllPage.Clientportal -->
