<?xml version="1.0" encoding="UTF-8"?>
<!-- Generated by org.testng.reporters.JUnitReportReporter -->
<testsuite hostname="VJH" failures="0" tests="1" name="test_Ng.Sample_WeeklyTS_nonbill_onlyActi_noCF" time="54.107" errors="0" timestamp="2023-01-03T20:44:43 IST" skipped="0">
  <testcase classname="test_Ng.Sample_WeeklyTS_nonbill_onlyActi_noCF" name="WeeklyTimeSheetsPage" time="54.107"/>
  <system-out/>
</testsuite> <!-- test_Ng.Sample_WeeklyTS_nonbill_onlyActi_noCF -->
