<?xml version="1.0" encoding="UTF-8"?>
<!-- Generated by org.testng.reporters.JUnitReportReporter -->
<testsuite hostname="VJH" failures="0" tests="1" name="test_Ng.SampleScript_MoreAppsAndDownloads" time="10.871" errors="0" timestamp="2023-03-24T20:36:51 IST" skipped="0">
  <testcase classname="test_Ng.SampleScript_MoreAppsAndDownloads" name="STE" time="10.871"/>
  <system-out/>
</testsuite> <!-- test_Ng.SampleScript_MoreAppsAndDownloads -->
