<?xml version="1.0" encoding="UTF-8"?>
<!-- Generated by org.testng.reporters.JUnitReportReporter -->
<testsuite hostname="VJH" failures="0" tests="1" name="ttb_AllPage.Approvals" time="27.275" errors="0" timestamp="2022-11-23T13:33:39 IST" skipped="0">
  <testcase classname="ttb_AllPage.Approvals" name="sample" time="27.275"/>
  <system-out/>
</testsuite> <!-- ttb_AllPage.Approvals -->
